irun(64): 15.20-s051: (c) Copyright 1995-2018 Cadence Design Systems, Inc.
TOOL:	irun(64)	15.20-s051: Started on Apr 15, 2023 at 17:15:48 IST
irun
	-access +rwc
	deco_2to4_tb.v
file: deco_2to4_tb.v
	module worklib.deco_2to4_tb:v
		errors: 0, warnings: 0
	module worklib.deco_2to4:v
		errors: 0, warnings: 0
		Caching library 'worklib' ....... Done
	Elaborating the design hierarchy:
	Top level design units:
		deco_2to4_tb
	Building instance overlay tables: .................... Done
	Generating native compiled code:
		worklib.deco_2to4:v <0x7e8dc362>
			streams:   0, words:     0
		worklib.deco_2to4_tb:v <0x5c837644>
			streams:   4, words:  6023
	Building instance specific data structures.
	Loading native compiled code:     .................... Done
	Design hierarchy summary:
		             Instances  Unique
		Modules:             2       2
		Registers:           2       2
		Scalar wires:        6       -
		Initial blocks:      1       1
		Cont. assignments:   0       4
		Pseudo assignments:  2       2
	Writing initial simulation snapshot: worklib.deco_2to4_tb:v
Loading snapshot worklib.deco_2to4_tb:v .................... Done
ncsim> source /cad_area/install/INCISIVE152/tools/inca/files/ncsimrc
ncsim> run
i1=0 i2=0 o1=1 o2=0 o3=0 o4=0
i1=0 i2=1 o1=0 o2=1 o3=0 o4=0
i1=1 i2=0 o1=0 o2=0 o3=1 o4=0
i1=1 i2=1 o1=0 o2=0 o3=0 o4=1
ncsim: *W,RNQUIE: Simulation is complete.
ncsim> exit
TOOL:	irun(64)	15.20-s051: Exiting on Apr 15, 2023 at 17:15:50 IST  (total: 00:00:02)
