irun(64): 15.20-s051: (c) Copyright 1995-2018 Cadence Design Systems, Inc.
TOOL:	irun(64)	15.20-s051: Started on Apr 12, 2023 at 17:23:11 IST
irun
	-access +rwc
	car_tb.v
Recompiling... reason: file './car_tb.v' is newer than expected.
	expected: Wed Apr 12 16:57:44 2023
	actual:   Wed Apr 12 17:04:36 2023
file: car_tb.v
	module worklib.car_tb:v
		errors: 0, warnings: 0
	module worklib.park_car:v
		errors: 0, warnings: 0
		Caching library 'worklib' ....... Done
	Elaborating the design hierarchy:
	Top level design units:
		car_tb
	Building instance overlay tables: .................... Done
	Generating native compiled code:
		worklib.car_tb:v <0x538b57a4>
			streams:   6, words:  7652
		worklib.park_car:v <0x227d40d9>
			streams:  13, words:  6278
	Building instance specific data structures.
	Loading native compiled code:     .................... Done
	Design hierarchy summary:
		              Instances  Unique
		Modules:              2       2
		Registers:           10      10
		Scalar wires:         8       -
		Vectored wires:       1       -
		Always blocks:        6       6
		Initial blocks:       3       3
		Pseudo assignments:   4       4
	Writing initial simulation snapshot: worklib.car_tb:v
Loading snapshot worklib.car_tb:v .................... Done
ncsim> source /cad_area/install/INCISIVE152/tools/inca/files/ncsimrc
ncsim> run
Car is notparked
Car is parked
Car is notparked
Car is notparked
ncsim: *W,RNQUIE: Simulation is complete.
ncsim> exit
TOOL:	irun(64)	15.20-s051: Exiting on Apr 12, 2023 at 17:23:11 IST  (total: 00:00:00)
