irun(64): 15.20-s051: (c) Copyright 1995-2018 Cadence Design Systems, Inc.
TOOL:	irun(64)	15.20-s051: Started on Jan 25, 2023 at 12:15:23 IST
irun
	-access +rwc
	ramthree_tb.v
INCLUDE $GF_PDK_HOME/DesignEnv/VirtuosoOA/setup/superstack.cds.lib
|
irun: *W,DLCVAR (../cds.lib,6): cds.lib Invalid environment variable ''.
DEFINE CALIBRE_HOME     /cad_area/vlsi/tools/MENTOR/calibre/aoi_cal_2018.2_41.34
|
irun: *W,DLCPTH (../cds.lib,13): cds.lib Invalid path '/cad_area/vlsi/tools/MENTOR/calibre/aoi_cal_2018.2_41.34' (cds.lib command ignored).
DEFINE UMC_18_CMOS /cad_area/install/pdk/Cadence_PDK/UMC180FDK/Cadence_IC6/G-9FD-MIXED_MODE_RFCMOS18-1.8V_3.3V-1P6M-MMC_UM180FDKMFC00000OA-FDK-Ver.A02_PB.zip_FILES/UM180FDKMFC00000OA_A02_DESIGNKIT.tar.gz_FILES/UM180FDKMFC00000OA_A02_PB.tar.gz_FILES/UMC_18_CMOS/
|
irun: *W,DLCLAP (../cds.lib,28): cds.lib Same file has different definitions for library 'library UMC_18_CMOS from /home/01FE20BEC004/cds.lib line 28, redefines
    library UMC_18_CMOS from same file line 27 defined earlier.' (continuing with last specified path).
DEFINE UMC180Faraday    /cad_area/install/pdk/UMC/UMC180Faraday
|
irun: *W,DLCPTH (../cds.lib,34): cds.lib Invalid path '/cad_area/install/pdk/UMC/UMC180Faraday' (cds.lib command ignored).
DEFINE UMC180Faraday    /cad_area/install/pdk/UMC/UMC180Faraday/fsa0m_a/2008Q3v1.2/50VT_GENERIC_IO/BackEnd/lef
|
irun: *W,DLCPTH (../cds.lib,35): cds.lib Invalid path '/cad_area/install/pdk/UMC/UMC180Faraday/fsa0m_a/2008Q3v1.2/50VT_GENERIC_IO/BackEnd/lef' (cds.lib command ignored).
DEFINE FSA0M_A_50VT_GENERIC_IO /cad_area/install/pdk/UMC/UMC180Faraday/fsa0m_a/2008Q3v1.2/50VT_GENERIC_IO/FrontEnd/composer/FSA0M_A_50VT_GENERIC_IO
|
irun: *W,DLCPTH (../cds.lib,37): cds.lib Invalid path '/cad_area/install/pdk/UMC/UMC180Faraday/fsa0m_a/2008Q3v1.2/50VT_GENERIC_IO/FrontEnd/composer/FSA0M_A_50VT_GENERIC_IO' (cds.lib command ignored).
DEFINE asap7_TechLib $PDK_DIR/cdslib/asap7_TechLib
|
irun: *W,DLCVAR (../cds.lib,42): cds.lib Invalid environment variable ''.
DEFINE asap7ssc7p5t $PDK_DIR/asap7ssc7p5t_05
|
irun: *W,DLCVAR (../cds.lib,67): cds.lib Invalid environment variable ''.
INCLUDE $GF_PDK_HOME/DesignEnv/VirtuosoOA/setup/superstack.cds.lib
|
irun: *W,DLCVAR (../cds.lib,6): cds.lib Invalid environment variable ''.
DEFINE CALIBRE_HOME     /cad_area/vlsi/tools/MENTOR/calibre/aoi_cal_2018.2_41.34
|
irun: *W,DLCPTH (../cds.lib,13): cds.lib Invalid path '/cad_area/vlsi/tools/MENTOR/calibre/aoi_cal_2018.2_41.34' (cds.lib command ignored).
DEFINE UMC_18_CMOS /cad_area/install/pdk/Cadence_PDK/UMC180FDK/Cadence_IC6/G-9FD-MIXED_MODE_RFCMOS18-1.8V_3.3V-1P6M-MMC_UM180FDKMFC00000OA-FDK-Ver.A02_PB.zip_FILES/UM180FDKMFC00000OA_A02_DESIGNKIT.tar.gz_FILES/UM180FDKMFC00000OA_A02_PB.tar.gz_FILES/UMC_18_CMOS/
|
irun: *W,DLCLAP (../cds.lib,28): cds.lib Same file has different definitions for library 'library UMC_18_CMOS from /home/01FE20BEC004/cds.lib line 28, redefines
    library UMC_18_CMOS from same file line 27 defined earlier.' (continuing with last specified path).
DEFINE UMC180Faraday    /cad_area/install/pdk/UMC/UMC180Faraday
|
irun: *W,DLCPTH (../cds.lib,34): cds.lib Invalid path '/cad_area/install/pdk/UMC/UMC180Faraday' (cds.lib command ignored).
DEFINE UMC180Faraday    /cad_area/install/pdk/UMC/UMC180Faraday/fsa0m_a/2008Q3v1.2/50VT_GENERIC_IO/BackEnd/lef
|
irun: *W,DLCPTH (../cds.lib,35): cds.lib Invalid path '/cad_area/install/pdk/UMC/UMC180Faraday/fsa0m_a/2008Q3v1.2/50VT_GENERIC_IO/BackEnd/lef' (cds.lib command ignored).
DEFINE FSA0M_A_50VT_GENERIC_IO /cad_area/install/pdk/UMC/UMC180Faraday/fsa0m_a/2008Q3v1.2/50VT_GENERIC_IO/FrontEnd/composer/FSA0M_A_50VT_GENERIC_IO
|
irun: *W,DLCPTH (../cds.lib,37): cds.lib Invalid path '/cad_area/install/pdk/UMC/UMC180Faraday/fsa0m_a/2008Q3v1.2/50VT_GENERIC_IO/FrontEnd/composer/FSA0M_A_50VT_GENERIC_IO' (cds.lib command ignored).
DEFINE asap7_TechLib $PDK_DIR/cdslib/asap7_TechLib
|
irun: *W,DLCVAR (../cds.lib,42): cds.lib Invalid environment variable ''.
DEFINE asap7ssc7p5t $PDK_DIR/asap7ssc7p5t_05
|
irun: *W,DLCVAR (../cds.lib,67): cds.lib Invalid environment variable ''.
INCLUDE $GF_PDK_HOME/DesignEnv/VirtuosoOA/setup/superstack.cds.lib
|
irun: *W,DLCVAR (../cds.lib,6): cds.lib Invalid environment variable ''.
DEFINE CALIBRE_HOME     /cad_area/vlsi/tools/MENTOR/calibre/aoi_cal_2018.2_41.34
|
irun: *W,DLCPTH (../cds.lib,13): cds.lib Invalid path '/cad_area/vlsi/tools/MENTOR/calibre/aoi_cal_2018.2_41.34' (cds.lib command ignored).
DEFINE UMC_18_CMOS /cad_area/install/pdk/Cadence_PDK/UMC180FDK/Cadence_IC6/G-9FD-MIXED_MODE_RFCMOS18-1.8V_3.3V-1P6M-MMC_UM180FDKMFC00000OA-FDK-Ver.A02_PB.zip_FILES/UM180FDKMFC00000OA_A02_DESIGNKIT.tar.gz_FILES/UM180FDKMFC00000OA_A02_PB.tar.gz_FILES/UMC_18_CMOS/
|
irun: *W,DLCLAP (../cds.lib,28): cds.lib Same file has different definitions for library 'library UMC_18_CMOS from /home/01FE20BEC004/cds.lib line 28, redefines
    library UMC_18_CMOS from same file line 27 defined earlier.' (continuing with last specified path).
DEFINE UMC180Faraday    /cad_area/install/pdk/UMC/UMC180Faraday
|
irun: *W,DLCPTH (../cds.lib,34): cds.lib Invalid path '/cad_area/install/pdk/UMC/UMC180Faraday' (cds.lib command ignored).
DEFINE UMC180Faraday    /cad_area/install/pdk/UMC/UMC180Faraday/fsa0m_a/2008Q3v1.2/50VT_GENERIC_IO/BackEnd/lef
|
irun: *W,DLCPTH (../cds.lib,35): cds.lib Invalid path '/cad_area/install/pdk/UMC/UMC180Faraday/fsa0m_a/2008Q3v1.2/50VT_GENERIC_IO/BackEnd/lef' (cds.lib command ignored).
DEFINE FSA0M_A_50VT_GENERIC_IO /cad_area/install/pdk/UMC/UMC180Faraday/fsa0m_a/2008Q3v1.2/50VT_GENERIC_IO/FrontEnd/composer/FSA0M_A_50VT_GENERIC_IO
|
irun: *W,DLCPTH (../cds.lib,37): cds.lib Invalid path '/cad_area/install/pdk/UMC/UMC180Faraday/fsa0m_a/2008Q3v1.2/50VT_GENERIC_IO/FrontEnd/composer/FSA0M_A_50VT_GENERIC_IO' (cds.lib command ignored).
DEFINE asap7_TechLib $PDK_DIR/cdslib/asap7_TechLib
|
irun: *W,DLCVAR (../cds.lib,42): cds.lib Invalid environment variable ''.
DEFINE asap7ssc7p5t $PDK_DIR/asap7ssc7p5t_05
|
irun: *W,DLCVAR (../cds.lib,67): cds.lib Invalid environment variable ''.
INCLUDE $GF_PDK_HOME/DesignEnv/VirtuosoOA/setup/superstack.cds.lib
|
irun: *W,DLCVAR (../cds.lib,6): cds.lib Invalid environment variable ''.
DEFINE CALIBRE_HOME     /cad_area/vlsi/tools/MENTOR/calibre/aoi_cal_2018.2_41.34
|
irun: *W,DLCPTH (../cds.lib,13): cds.lib Invalid path '/cad_area/vlsi/tools/MENTOR/calibre/aoi_cal_2018.2_41.34' (cds.lib command ignored).
DEFINE UMC_18_CMOS /cad_area/install/pdk/Cadence_PDK/UMC180FDK/Cadence_IC6/G-9FD-MIXED_MODE_RFCMOS18-1.8V_3.3V-1P6M-MMC_UM180FDKMFC00000OA-FDK-Ver.A02_PB.zip_FILES/UM180FDKMFC00000OA_A02_DESIGNKIT.tar.gz_FILES/UM180FDKMFC00000OA_A02_PB.tar.gz_FILES/UMC_18_CMOS/
|
irun: *W,DLCLAP (../cds.lib,28): cds.lib Same file has different definitions for library 'library UMC_18_CMOS from /home/01FE20BEC004/cds.lib line 28, redefines
    library UMC_18_CMOS from same file line 27 defined earlier.' (continuing with last specified path).
DEFINE UMC180Faraday    /cad_area/install/pdk/UMC/UMC180Faraday
|
irun: *W,DLCPTH (../cds.lib,34): cds.lib Invalid path '/cad_area/install/pdk/UMC/UMC180Faraday' (cds.lib command ignored).
DEFINE UMC180Faraday    /cad_area/install/pdk/UMC/UMC180Faraday/fsa0m_a/2008Q3v1.2/50VT_GENERIC_IO/BackEnd/lef
|
irun: *W,DLCPTH (../cds.lib,35): cds.lib Invalid path '/cad_area/install/pdk/UMC/UMC180Faraday/fsa0m_a/2008Q3v1.2/50VT_GENERIC_IO/BackEnd/lef' (cds.lib command ignored).
DEFINE FSA0M_A_50VT_GENERIC_IO /cad_area/install/pdk/UMC/UMC180Faraday/fsa0m_a/2008Q3v1.2/50VT_GENERIC_IO/FrontEnd/composer/FSA0M_A_50VT_GENERIC_IO
|
irun: *W,DLCPTH (../cds.lib,37): cds.lib Invalid path '/cad_area/install/pdk/UMC/UMC180Faraday/fsa0m_a/2008Q3v1.2/50VT_GENERIC_IO/FrontEnd/composer/FSA0M_A_50VT_GENERIC_IO' (cds.lib command ignored).
DEFINE asap7_TechLib $PDK_DIR/cdslib/asap7_TechLib
|
irun: *W,DLCVAR (../cds.lib,42): cds.lib Invalid environment variable ''.
DEFINE asap7ssc7p5t $PDK_DIR/asap7ssc7p5t_05
|
irun: *W,DLCVAR (../cds.lib,67): cds.lib Invalid environment variable ''.
INCLUDE $GF_PDK_HOME/DesignEnv/VirtuosoOA/setup/superstack.cds.lib
|
irun: *W,DLCVAR (../cds.lib,6): cds.lib Invalid environment variable ''.
DEFINE CALIBRE_HOME     /cad_area/vlsi/tools/MENTOR/calibre/aoi_cal_2018.2_41.34
|
irun: *W,DLCPTH (../cds.lib,13): cds.lib Invalid path '/cad_area/vlsi/tools/MENTOR/calibre/aoi_cal_2018.2_41.34' (cds.lib command ignored).
DEFINE UMC_18_CMOS /cad_area/install/pdk/Cadence_PDK/UMC180FDK/Cadence_IC6/G-9FD-MIXED_MODE_RFCMOS18-1.8V_3.3V-1P6M-MMC_UM180FDKMFC00000OA-FDK-Ver.A02_PB.zip_FILES/UM180FDKMFC00000OA_A02_DESIGNKIT.tar.gz_FILES/UM180FDKMFC00000OA_A02_PB.tar.gz_FILES/UMC_18_CMOS/
|
irun: *W,DLCLAP (../cds.lib,28): cds.lib Same file has different definitions for library 'library UMC_18_CMOS from /home/01FE20BEC004/cds.lib line 28, redefines
    library UMC_18_CMOS from same file line 27 defined earlier.' (continuing with last specified path).
DEFINE UMC180Faraday    /cad_area/install/pdk/UMC/UMC180Faraday
|
irun: *W,DLCPTH (../cds.lib,34): cds.lib Invalid path '/cad_area/install/pdk/UMC/UMC180Faraday' (cds.lib command ignored).
DEFINE UMC180Faraday    /cad_area/install/pdk/UMC/UMC180Faraday/fsa0m_a/2008Q3v1.2/50VT_GENERIC_IO/BackEnd/lef
|
irun: *W,DLCPTH (../cds.lib,35): cds.lib Invalid path '/cad_area/install/pdk/UMC/UMC180Faraday/fsa0m_a/2008Q3v1.2/50VT_GENERIC_IO/BackEnd/lef' (cds.lib command ignored).
DEFINE FSA0M_A_50VT_GENERIC_IO /cad_area/install/pdk/UMC/UMC180Faraday/fsa0m_a/2008Q3v1.2/50VT_GENERIC_IO/FrontEnd/composer/FSA0M_A_50VT_GENERIC_IO
|
irun: *W,DLCPTH (../cds.lib,37): cds.lib Invalid path '/cad_area/install/pdk/UMC/UMC180Faraday/fsa0m_a/2008Q3v1.2/50VT_GENERIC_IO/FrontEnd/composer/FSA0M_A_50VT_GENERIC_IO' (cds.lib command ignored).
DEFINE asap7_TechLib $PDK_DIR/cdslib/asap7_TechLib
|
irun: *W,DLCVAR (../cds.lib,42): cds.lib Invalid environment variable ''.
DEFINE asap7ssc7p5t $PDK_DIR/asap7ssc7p5t_05
|
irun: *W,DLCVAR (../cds.lib,67): cds.lib Invalid environment variable ''.
Recompiling... reason: file './ramthree_tb.v' is newer than expected.
	expected: Wed Jan 25 12:06:19 2023
	actual:   Wed Jan 25 12:09:56 2023
INCLUDE $GF_PDK_HOME/DesignEnv/VirtuosoOA/setup/superstack.cds.lib
|
irun: *W,DLCVAR (../cds.lib,6): cds.lib Invalid environment variable ''.
DEFINE CALIBRE_HOME     /cad_area/vlsi/tools/MENTOR/calibre/aoi_cal_2018.2_41.34
|
irun: *W,DLCPTH (../cds.lib,13): cds.lib Invalid path '/cad_area/vlsi/tools/MENTOR/calibre/aoi_cal_2018.2_41.34' (cds.lib command ignored).
DEFINE UMC_18_CMOS /cad_area/install/pdk/Cadence_PDK/UMC180FDK/Cadence_IC6/G-9FD-MIXED_MODE_RFCMOS18-1.8V_3.3V-1P6M-MMC_UM180FDKMFC00000OA-FDK-Ver.A02_PB.zip_FILES/UM180FDKMFC00000OA_A02_DESIGNKIT.tar.gz_FILES/UM180FDKMFC00000OA_A02_PB.tar.gz_FILES/UMC_18_CMOS/
|
irun: *W,DLCLAP (../cds.lib,28): cds.lib Same file has different definitions for library 'library UMC_18_CMOS from /home/01FE20BEC004/cds.lib line 28, redefines
    library UMC_18_CMOS from same file line 27 defined earlier.' (continuing with last specified path).
DEFINE UMC180Faraday    /cad_area/install/pdk/UMC/UMC180Faraday
|
irun: *W,DLCPTH (../cds.lib,34): cds.lib Invalid path '/cad_area/install/pdk/UMC/UMC180Faraday' (cds.lib command ignored).
DEFINE UMC180Faraday    /cad_area/install/pdk/UMC/UMC180Faraday/fsa0m_a/2008Q3v1.2/50VT_GENERIC_IO/BackEnd/lef
|
irun: *W,DLCPTH (../cds.lib,35): cds.lib Invalid path '/cad_area/install/pdk/UMC/UMC180Faraday/fsa0m_a/2008Q3v1.2/50VT_GENERIC_IO/BackEnd/lef' (cds.lib command ignored).
DEFINE FSA0M_A_50VT_GENERIC_IO /cad_area/install/pdk/UMC/UMC180Faraday/fsa0m_a/2008Q3v1.2/50VT_GENERIC_IO/FrontEnd/composer/FSA0M_A_50VT_GENERIC_IO
|
irun: *W,DLCPTH (../cds.lib,37): cds.lib Invalid path '/cad_area/install/pdk/UMC/UMC180Faraday/fsa0m_a/2008Q3v1.2/50VT_GENERIC_IO/FrontEnd/composer/FSA0M_A_50VT_GENERIC_IO' (cds.lib command ignored).
DEFINE asap7_TechLib $PDK_DIR/cdslib/asap7_TechLib
|
irun: *W,DLCVAR (../cds.lib,42): cds.lib Invalid environment variable ''.
DEFINE asap7ssc7p5t $PDK_DIR/asap7ssc7p5t_05
|
irun: *W,DLCVAR (../cds.lib,67): cds.lib Invalid environment variable ''.
INCLUDE $GF_PDK_HOME/DesignEnv/VirtuosoOA/setup/superstack.cds.lib
|
ncvlog: *W,DLCVAR (../cds.lib,6): cds.lib Invalid environment variable ''.
DEFINE CALIBRE_HOME     /cad_area/vlsi/tools/MENTOR/calibre/aoi_cal_2018.2_41.34
|
ncvlog: *W,DLCPTH (../cds.lib,13): cds.lib Invalid path '/cad_area/vlsi/tools/MENTOR/calibre/aoi_cal_2018.2_41.34' (cds.lib command ignored).
DEFINE UMC_18_CMOS /cad_area/install/pdk/Cadence_PDK/UMC180FDK/Cadence_IC6/G-9FD-MIXED_MODE_RFCMOS18-1.8V_3.3V-1P6M-MMC_UM180FDKMFC00000OA-FDK-Ver.A02_PB.zip_FILES/UM180FDKMFC00000OA_A02_DESIGNKIT.tar.gz_FILES/UM180FDKMFC00000OA_A02_PB.tar.gz_FILES/UMC_18_CMOS/
|
ncvlog: *W,DLCLAP (../cds.lib,28): cds.lib Same file has different definitions for library 'library UMC_18_CMOS from /home/01FE20BEC004/cds.lib line 28, redefines
    library UMC_18_CMOS from same file line 27 defined earlier.' (continuing with last specified path).
DEFINE UMC180Faraday    /cad_area/install/pdk/UMC/UMC180Faraday
|
ncvlog: *W,DLCPTH (../cds.lib,34): cds.lib Invalid path '/cad_area/install/pdk/UMC/UMC180Faraday' (cds.lib command ignored).
DEFINE UMC180Faraday    /cad_area/install/pdk/UMC/UMC180Faraday/fsa0m_a/2008Q3v1.2/50VT_GENERIC_IO/BackEnd/lef
|
ncvlog: *W,DLCPTH (../cds.lib,35): cds.lib Invalid path '/cad_area/install/pdk/UMC/UMC180Faraday/fsa0m_a/2008Q3v1.2/50VT_GENERIC_IO/BackEnd/lef' (cds.lib command ignored).
DEFINE FSA0M_A_50VT_GENERIC_IO /cad_area/install/pdk/UMC/UMC180Faraday/fsa0m_a/2008Q3v1.2/50VT_GENERIC_IO/FrontEnd/composer/FSA0M_A_50VT_GENERIC_IO
|
ncvlog: *W,DLCPTH (../cds.lib,37): cds.lib Invalid path '/cad_area/install/pdk/UMC/UMC180Faraday/fsa0m_a/2008Q3v1.2/50VT_GENERIC_IO/FrontEnd/composer/FSA0M_A_50VT_GENERIC_IO' (cds.lib command ignored).
DEFINE asap7_TechLib $PDK_DIR/cdslib/asap7_TechLib
|
ncvlog: *W,DLCVAR (../cds.lib,42): cds.lib Invalid environment variable ''.
DEFINE asap7ssc7p5t $PDK_DIR/asap7ssc7p5t_05
|
ncvlog: *W,DLCVAR (../cds.lib,67): cds.lib Invalid environment variable ''.
	Total errors/warnings found outside modules and primitives:
		errors: 0, warnings: 8
INCLUDE $GF_PDK_HOME/DesignEnv/VirtuosoOA/setup/superstack.cds.lib
|
irun: *W,DLCVAR (../cds.lib,6): cds.lib Invalid environment variable ''.
DEFINE CALIBRE_HOME     /cad_area/vlsi/tools/MENTOR/calibre/aoi_cal_2018.2_41.34
|
irun: *W,DLCPTH (../cds.lib,13): cds.lib Invalid path '/cad_area/vlsi/tools/MENTOR/calibre/aoi_cal_2018.2_41.34' (cds.lib command ignored).
DEFINE UMC_18_CMOS /cad_area/install/pdk/Cadence_PDK/UMC180FDK/Cadence_IC6/G-9FD-MIXED_MODE_RFCMOS18-1.8V_3.3V-1P6M-MMC_UM180FDKMFC00000OA-FDK-Ver.A02_PB.zip_FILES/UM180FDKMFC00000OA_A02_DESIGNKIT.tar.gz_FILES/UM180FDKMFC00000OA_A02_PB.tar.gz_FILES/UMC_18_CMOS/
|
irun: *W,DLCLAP (../cds.lib,28): cds.lib Same file has different definitions for library 'library UMC_18_CMOS from /home/01FE20BEC004/cds.lib line 28, redefines
    library UMC_18_CMOS from same file line 27 defined earlier.' (continuing with last specified path).
DEFINE UMC180Faraday    /cad_area/install/pdk/UMC/UMC180Faraday
|
irun: *W,DLCPTH (../cds.lib,34): cds.lib Invalid path '/cad_area/install/pdk/UMC/UMC180Faraday' (cds.lib command ignored).
DEFINE UMC180Faraday    /cad_area/install/pdk/UMC/UMC180Faraday/fsa0m_a/2008Q3v1.2/50VT_GENERIC_IO/BackEnd/lef
|
irun: *W,DLCPTH (../cds.lib,35): cds.lib Invalid path '/cad_area/install/pdk/UMC/UMC180Faraday/fsa0m_a/2008Q3v1.2/50VT_GENERIC_IO/BackEnd/lef' (cds.lib command ignored).
DEFINE FSA0M_A_50VT_GENERIC_IO /cad_area/install/pdk/UMC/UMC180Faraday/fsa0m_a/2008Q3v1.2/50VT_GENERIC_IO/FrontEnd/composer/FSA0M_A_50VT_GENERIC_IO
|
irun: *W,DLCPTH (../cds.lib,37): cds.lib Invalid path '/cad_area/install/pdk/UMC/UMC180Faraday/fsa0m_a/2008Q3v1.2/50VT_GENERIC_IO/FrontEnd/composer/FSA0M_A_50VT_GENERIC_IO' (cds.lib command ignored).
DEFINE asap7_TechLib $PDK_DIR/cdslib/asap7_TechLib
|
irun: *W,DLCVAR (../cds.lib,42): cds.lib Invalid environment variable ''.
DEFINE asap7ssc7p5t $PDK_DIR/asap7ssc7p5t_05
|
irun: *W,DLCVAR (../cds.lib,67): cds.lib Invalid environment variable ''.
INCLUDE $GF_PDK_HOME/DesignEnv/VirtuosoOA/setup/superstack.cds.lib
|
irun: *W,DLCVAR (../cds.lib,6): cds.lib Invalid environment variable ''.
DEFINE CALIBRE_HOME     /cad_area/vlsi/tools/MENTOR/calibre/aoi_cal_2018.2_41.34
|
irun: *W,DLCPTH (../cds.lib,13): cds.lib Invalid path '/cad_area/vlsi/tools/MENTOR/calibre/aoi_cal_2018.2_41.34' (cds.lib command ignored).
DEFINE UMC_18_CMOS /cad_area/install/pdk/Cadence_PDK/UMC180FDK/Cadence_IC6/G-9FD-MIXED_MODE_RFCMOS18-1.8V_3.3V-1P6M-MMC_UM180FDKMFC00000OA-FDK-Ver.A02_PB.zip_FILES/UM180FDKMFC00000OA_A02_DESIGNKIT.tar.gz_FILES/UM180FDKMFC00000OA_A02_PB.tar.gz_FILES/UMC_18_CMOS/
|
irun: *W,DLCLAP (../cds.lib,28): cds.lib Same file has different definitions for library 'library UMC_18_CMOS from /home/01FE20BEC004/cds.lib line 28, redefines
    library UMC_18_CMOS from same file line 27 defined earlier.' (continuing with last specified path).
DEFINE UMC180Faraday    /cad_area/install/pdk/UMC/UMC180Faraday
|
irun: *W,DLCPTH (../cds.lib,34): cds.lib Invalid path '/cad_area/install/pdk/UMC/UMC180Faraday' (cds.lib command ignored).
DEFINE UMC180Faraday    /cad_area/install/pdk/UMC/UMC180Faraday/fsa0m_a/2008Q3v1.2/50VT_GENERIC_IO/BackEnd/lef
|
irun: *W,DLCPTH (../cds.lib,35): cds.lib Invalid path '/cad_area/install/pdk/UMC/UMC180Faraday/fsa0m_a/2008Q3v1.2/50VT_GENERIC_IO/BackEnd/lef' (cds.lib command ignored).
DEFINE FSA0M_A_50VT_GENERIC_IO /cad_area/install/pdk/UMC/UMC180Faraday/fsa0m_a/2008Q3v1.2/50VT_GENERIC_IO/FrontEnd/composer/FSA0M_A_50VT_GENERIC_IO
|
irun: *W,DLCPTH (../cds.lib,37): cds.lib Invalid path '/cad_area/install/pdk/UMC/UMC180Faraday/fsa0m_a/2008Q3v1.2/50VT_GENERIC_IO/FrontEnd/composer/FSA0M_A_50VT_GENERIC_IO' (cds.lib command ignored).
DEFINE asap7_TechLib $PDK_DIR/cdslib/asap7_TechLib
|
irun: *W,DLCVAR (../cds.lib,42): cds.lib Invalid environment variable ''.
DEFINE asap7ssc7p5t $PDK_DIR/asap7ssc7p5t_05
|
irun: *W,DLCVAR (../cds.lib,67): cds.lib Invalid environment variable ''.
INCLUDE $GF_PDK_HOME/DesignEnv/VirtuosoOA/setup/superstack.cds.lib
|
ncelab: *W,DLCVAR (../cds.lib,6): cds.lib Invalid environment variable ''.
DEFINE CALIBRE_HOME     /cad_area/vlsi/tools/MENTOR/calibre/aoi_cal_2018.2_41.34
|
ncelab: *W,DLCPTH (../cds.lib,13): cds.lib Invalid path '/cad_area/vlsi/tools/MENTOR/calibre/aoi_cal_2018.2_41.34' (cds.lib command ignored).
DEFINE UMC_18_CMOS /cad_area/install/pdk/Cadence_PDK/UMC180FDK/Cadence_IC6/G-9FD-MIXED_MODE_RFCMOS18-1.8V_3.3V-1P6M-MMC_UM180FDKMFC00000OA-FDK-Ver.A02_PB.zip_FILES/UM180FDKMFC00000OA_A02_DESIGNKIT.tar.gz_FILES/UM180FDKMFC00000OA_A02_PB.tar.gz_FILES/UMC_18_CMOS/
|
ncelab: *W,DLCLAP (../cds.lib,28): cds.lib Same file has different definitions for library 'library UMC_18_CMOS from /home/01FE20BEC004/cds.lib line 28, redefines
    library UMC_18_CMOS from same file line 27 defined earlier.' (continuing with last specified path).
DEFINE UMC180Faraday    /cad_area/install/pdk/UMC/UMC180Faraday
|
ncelab: *W,DLCPTH (../cds.lib,34): cds.lib Invalid path '/cad_area/install/pdk/UMC/UMC180Faraday' (cds.lib command ignored).
DEFINE UMC180Faraday    /cad_area/install/pdk/UMC/UMC180Faraday/fsa0m_a/2008Q3v1.2/50VT_GENERIC_IO/BackEnd/lef
|
ncelab: *W,DLCPTH (../cds.lib,35): cds.lib Invalid path '/cad_area/install/pdk/UMC/UMC180Faraday/fsa0m_a/2008Q3v1.2/50VT_GENERIC_IO/BackEnd/lef' (cds.lib command ignored).
DEFINE FSA0M_A_50VT_GENERIC_IO /cad_area/install/pdk/UMC/UMC180Faraday/fsa0m_a/2008Q3v1.2/50VT_GENERIC_IO/FrontEnd/composer/FSA0M_A_50VT_GENERIC_IO
|
ncelab: *W,DLCPTH (../cds.lib,37): cds.lib Invalid path '/cad_area/install/pdk/UMC/UMC180Faraday/fsa0m_a/2008Q3v1.2/50VT_GENERIC_IO/FrontEnd/composer/FSA0M_A_50VT_GENERIC_IO' (cds.lib command ignored).
DEFINE asap7_TechLib $PDK_DIR/cdslib/asap7_TechLib
|
ncelab: *W,DLCVAR (../cds.lib,42): cds.lib Invalid environment variable ''.
DEFINE asap7ssc7p5t $PDK_DIR/asap7ssc7p5t_05
|
ncelab: *W,DLCVAR (../cds.lib,67): cds.lib Invalid environment variable ''.
		Caching library 'worklib' ....... Done
	Elaborating the design hierarchy:
	Top level design units:
		ramthree_tb
ram_3 RAM(data_out,data_in,address,wr,cs);
                                 |
ncelab: *W,CUVMPW (./ramthree_tb.v,8|33): port sizes differ in port connection (1/10).
	Building instance overlay tables: .................... Done
	Building instance specific data structures.
ram_3 RAM(data_out,data_in,address,wr,cs);
                                 |
ncelab: *W,CSINFI (./ramthree_tb.v,8|33): implicit wire has no fanin (ramthree_tb.address).
	Loading native compiled code:     .................... Done
	Design hierarchy summary:
		              Instances  Unique
		Modules:              2       2
		Registers:            7       7
		Scalar wires:        12       -
		Vectored wires:       2       -
		Always blocks:        1       1
		Initial blocks:       2       2
		Cont. assignments:    1       1
		Pseudo assignments:   3       3
	Writing initial simulation snapshot: worklib.ramthree_tb:v
INCLUDE $GF_PDK_HOME/DesignEnv/VirtuosoOA/setup/superstack.cds.lib
|
ncsim: *W,DLCVAR (../cds.lib,6): cds.lib Invalid environment variable ''.
DEFINE CALIBRE_HOME     /cad_area/vlsi/tools/MENTOR/calibre/aoi_cal_2018.2_41.34
|
ncsim: *W,DLCPTH (../cds.lib,13): cds.lib Invalid path '/cad_area/vlsi/tools/MENTOR/calibre/aoi_cal_2018.2_41.34' (cds.lib command ignored).
DEFINE UMC_18_CMOS /cad_area/install/pdk/Cadence_PDK/UMC180FDK/Cadence_IC6/G-9FD-MIXED_MODE_RFCMOS18-1.8V_3.3V-1P6M-MMC_UM180FDKMFC00000OA-FDK-Ver.A02_PB.zip_FILES/UM180FDKMFC00000OA_A02_DESIGNKIT.tar.gz_FILES/UM180FDKMFC00000OA_A02_PB.tar.gz_FILES/UMC_18_CMOS/
|
ncsim: *W,DLCLAP (../cds.lib,28): cds.lib Same file has different definitions for library 'library UMC_18_CMOS from /home/01FE20BEC004/cds.lib line 28, redefines
    library UMC_18_CMOS from same file line 27 defined earlier.' (continuing with last specified path).
DEFINE UMC180Faraday    /cad_area/install/pdk/UMC/UMC180Faraday
|
ncsim: *W,DLCPTH (../cds.lib,34): cds.lib Invalid path '/cad_area/install/pdk/UMC/UMC180Faraday' (cds.lib command ignored).
DEFINE UMC180Faraday    /cad_area/install/pdk/UMC/UMC180Faraday/fsa0m_a/2008Q3v1.2/50VT_GENERIC_IO/BackEnd/lef
|
ncsim: *W,DLCPTH (../cds.lib,35): cds.lib Invalid path '/cad_area/install/pdk/UMC/UMC180Faraday/fsa0m_a/2008Q3v1.2/50VT_GENERIC_IO/BackEnd/lef' (cds.lib command ignored).
DEFINE FSA0M_A_50VT_GENERIC_IO /cad_area/install/pdk/UMC/UMC180Faraday/fsa0m_a/2008Q3v1.2/50VT_GENERIC_IO/FrontEnd/composer/FSA0M_A_50VT_GENERIC_IO
|
ncsim: *W,DLCPTH (../cds.lib,37): cds.lib Invalid path '/cad_area/install/pdk/UMC/UMC180Faraday/fsa0m_a/2008Q3v1.2/50VT_GENERIC_IO/FrontEnd/composer/FSA0M_A_50VT_GENERIC_IO' (cds.lib command ignored).
DEFINE asap7_TechLib $PDK_DIR/cdslib/asap7_TechLib
|
ncsim: *W,DLCVAR (../cds.lib,42): cds.lib Invalid environment variable ''.
DEFINE asap7ssc7p5t $PDK_DIR/asap7ssc7p5t_05
|
ncsim: *W,DLCVAR (../cds.lib,67): cds.lib Invalid environment variable ''.
Loading snapshot worklib.ramthree_tb:v .................... Done
ncsim> source /cad_area/install/INCISIVE152/tools/inca/files/ncsimrc
ncsim> run
Address=    0,Data=   0
Address=  960,Data=   2
Address=  482,Data=   4
Address=  693,Data=   6
Address=  246,Data=   8
Address=  228,Data=  10
Address=  148,Data=  12
Address=  767,Data=  14
Address=  355,Data=  16
Address=  259,Data=  18
Address=   21,Data=  20
Address=  872,Data=  22
Address=  758,Data=  24
Address=  193,Data=  26
Address=  909,Data=  28
Address=  632,Data=  30
Address=  719,Data=  32
Address=  214,Data=  34
Address=   67,Data=  36
Address=  908,Data=  38
Address=  833,Data=  40
Address=    0,Data=  42
Address=  183,Data=  44
Address=  304,Data=  46
Address=  445,Data=  48
Address=  330,Data=  50
Address=  334,Data=  52
Address=  130,Data=  54
Address=   18,Data=  56
Address=  228,Data=  58
Address=  360,Data=  60
Address=  652,Data=  62
Address=  405,Data=  64
Address=  836,Data=  66
Address=  825,Data=  68
Address=  535,Data=  70
Address=  574,Data=  72
Address=  962,Data=  74
Address=   58,Data=  76
Address=  996,Data=  78
Address=  863,Data=  80
Address=  367,Data=  82
Address=  909,Data=  84
Address=  715,Data=  86
Address=  781,Data=  88
Address=  605,Data=  90
Address=  805,Data=  92
Address=  696,Data=  94
Address=  709,Data=  96
Address=  265,Data=  98
Address=  539,Data= 100
Address=  246,Data= 102
Address=  889,Data= 104
Address=  809,Data= 106
Address=  494,Data= 108
Address=  971,Data= 110
Address=  648,Data= 112
Address=  144,Data= 114
Address=  545,Data= 116
Address=  210,Data= 118
Address=  713,Data= 120
Address=  612,Data= 122
Address=  251,Data= 124
Address=  792,Data= 126
Address=  576,Data= 128
Address=  597,Data= 130
Address=  459,Data= 132
Address=  353,Data= 134
Address=  135,Data= 136
Address=  283,Data= 138
Address=  134,Data= 140
Address=  168,Data= 142
Address=  914,Data= 144
Address=  232,Data= 146
Address=   21,Data= 148
Address=   51,Data= 150
Address=  481,Data= 152
Address=    6,Data= 154
Address=  560,Data= 156
Address=   77,Data= 158
Address=  180,Data= 160
Address=  359,Data= 162
Address=  787,Data= 164
Address=   14,Data= 166
Address=   96,Data= 168
Address=   71,Data= 170
Address=  245,Data= 172
Address=  563,Data= 174
Address=  600,Data= 176
Address=  433,Data= 178
Address=  140,Data= 180
Address=  628,Data= 182
Address=  517,Data= 184
Address=  522,Data= 186
Address=  381,Data= 188
Address=   92,Data= 190
Address=  764,Data= 192
Address=  622,Data= 194
Address=  775,Data= 196
Address=   13,Data= 198
Address=  194,Data= 200
Address=  259,Data= 202
Address=  209,Data= 204
Address=  245,Data= 206
Address=  912,Data= 208
Address=  262,Data= 210
Address=  292,Data= 212
Address=  488,Data= 214
Address=  856,Data= 216
Address=  717,Data= 218
Address=  877,Data= 220
Address=  397,Data= 222
Address=  386,Data= 224
Address=  361,Data= 226
Address=  357,Data= 228
Address=  937,Data= 230
Address=  912,Data= 232
Address=  811,Data= 234
Address=  177,Data= 236
Address=  813,Data= 238
Address=  557,Data= 240
Address=  449,Data= 242
Address=  593,Data= 244
Address=  139,Data= 246
Address=  470,Data= 248
Address=   35,Data= 250
Address=  698,Data= 252
Address=  332,Data= 254
Address=  925,Data=   0
Address=  516,Data=   2
Address=  245,Data=   4
Address=  843,Data=   6
Address=  563,Data=   8
Address=  515,Data=  10
Address=  143,Data=  12
Address=  939,Data=  14
Address=  193,Data=  16
Address=  348,Data=  18
Address=  965,Data=  20
Address=  744,Data=  22
Address=  685,Data=  24
Address=  314,Data=  26
Address=  180,Data=  28
Address=  775,Data=  30
Address=  240,Data=  32
Address=  381,Data=  34
Address=  998,Data=  36
Address=  596,Data=  38
Address=  763,Data=  40
Address=   26,Data=  42
Address=   34,Data=  44
Address=  180,Data=  46
Address=  219,Data=  48
Address=  464,Data=  50
Address=  201,Data=  52
Address=  243,Data=  54
Address=  933,Data=  56
Address=  629,Data=  58
Address=  920,Data=  60
Address=  786,Data=  62
Address=  206,Data=  64
Address=  642,Data=  66
Address=  563,Data=  68
Address=    5,Data=  70
Address=  123,Data=  72
Address=  288,Data=  74
Address=  840,Data=  76
Address=  738,Data=  78
Address=  103,Data=  80
Address=  373,Data=  82
Address=  159,Data=  84
Address=  748,Data=  86
Address=  118,Data=  88
Address=  847,Data=  90
Address=  246,Data=  92
Address=  897,Data=  94
Address=  918,Data=  96
Address=  269,Data=  98
Address=    0,Data= 100
Address=   86,Data= 102
Address=  237,Data= 104
Address=  979,Data= 106
Address=  606,Data= 108
Address=  510,Data= 110
Address=  271,Data= 112
Address=  226,Data= 114
Address=  228,Data= 116
Address=  575,Data= 118
Address=  563,Data= 120
Address=   60,Data= 122
Address=  528,Data= 124
Address=  784,Data= 126
Address=   20,Data= 128
Address=  588,Data= 130
Address= 1018,Data= 132
Address=  220,Data= 134
Address=  400,Data= 136
Address=  981,Data= 138
Address=  673,Data= 140
Address=  490,Data= 142
Address=  412,Data= 144
Address=  209,Data= 146
Address= 1006,Data= 148
Address=   98,Data= 150
Address=  672,Data= 152
Address=  133,Data= 154
Address=   58,Data= 156
Address= 1018,Data= 158
Address=  738,Data= 160
Address=  120,Data= 162
Address=  950,Data= 164
Address=  426,Data= 166
Address=  520,Data= 168
Address=  399,Data= 170
Address=  658,Data= 172
Address=  887,Data= 174
Address=  337,Data= 176
Address=  503,Data= 178
Address=  813,Data= 180
Address=  954,Data= 182
Address=  408,Data= 184
Address=  557,Data= 186
Address=  825,Data= 188
Address=  224,Data= 190
Address=  457,Data= 192
Address=  702,Data= 194
Address=   23,Data= 196
Address=  555,Data= 198
Address=  960,Data= 200
Address=   19,Data= 202
Address=  594,Data= 204
Address=  333,Data= 206
Address=  337,Data= 208
Address=  235,Data= 210
Address=  392,Data= 212
Address=  627,Data= 214
Address=  622,Data= 216
Address=  972,Data= 218
Address=  418,Data= 220
Address=  423,Data= 222
Address=  797,Data= 224
Address=  279,Data= 226
Address=  421,Data= 228
Address=  519,Data= 230
Address=  839,Data= 232
Address=  762,Data= 234
Address=  516,Data= 236
Address=  708,Data= 238
Address= 1020,Data= 240
Address=  515,Data= 242
Address=  452,Data= 244
Address=  359,Data= 246
Address=  838,Data= 248
Address=  116,Data= 250
Address=  830,Data= 252
Address=   86,Data= 254
Address=  290,Data=   0
Address=  556,Data=   2
Address=  755,Data=   4
Address=  514,Data=   6
Address=  435,Data=   8
Address=  582,Data=  10
Address=  558,Data=  12
Address=  202,Data=  14
Address=  592,Data=  16
Address=  821,Data=  18
Address=  218,Data=  20
Address=  765,Data=  22
Address=  125,Data=  24
Address=  398,Data=  26
Address=  357,Data=  28
Address=  504,Data=  30
Address=  358,Data=  32
Address=  312,Data=  34
Address=  254,Data=  36
Address=  731,Data=  38
Address=  509,Data=  40
Address=   62,Data=  42
Address=  532,Data=  44
Address=  192,Data=  46
Address=  840,Data=  48
Address= 1013,Data=  50
Address=  610,Data=  52
Address=    4,Data=  54
Address=  517,Data=  56
Address=  696,Data=  58
Address=  355,Data=  60
Address=  892,Data=  62
Address=  553,Data=  64
Address=  994,Data=  66
Address=  396,Data=  68
Address=   43,Data=  70
Address=  102,Data=  72
Address=  337,Data=  74
Address=  543,Data=  76
Address=  858,Data=  78
Address=  828,Data=  80
Address=  793,Data=  82
Address=  745,Data=  84
Address=  152,Data=  86
Address=  707,Data=  88
Address=  939,Data=  90
Address=  723,Data=  92
Address=  659,Data=  94
Address=  438,Data=  96
Address=   36,Data=  98
Address=  909,Data= 100
Address=  330,Data= 102
Address=  979,Data= 104
Address= 1015,Data= 106
Address=  567,Data= 108
Address=  384,Data= 110
Address=  833,Data= 112
Address=  691,Data= 114
Address=   88,Data= 116
Address=  769,Data= 118
Address=  501,Data= 120
Address=   21,Data= 122
Address=    4,Data= 124
Address=  660,Data= 126
Address=  964,Data= 128
Address=  549,Data= 130
Address=  890,Data= 132
Address=   39,Data= 134
Address=  816,Data= 136
Address=  655,Data= 138
Address=   39,Data= 140
Address=  814,Data= 142
Address=  653,Data= 144
Address= 1016,Data= 146
Address=   82,Data= 148
Address=  147,Data= 150
Address=  652,Data= 152
Address=  893,Data= 154
Address=  597,Data= 156
Address=  854,Data= 158
Address=  219,Data= 160
Address=   27,Data= 162
Address=  438,Data= 164
Address=  562,Data= 166
Address=  718,Data= 168
Address=  830,Data= 170
Address=  507,Data= 172
Address=  593,Data= 174
Address=  462,Data= 176
Address=  795,Data= 178
Address=  145,Data= 180
Address=  652,Data= 182
Address=  656,Data= 184
Address=  800,Data= 186
Address=  150,Data= 188
Address=  536,Data= 190
Address=  942,Data= 192
Address=  559,Data= 194
Address=  748,Data= 196
Address=  816,Data= 198
Address=  449,Data= 200
Address=  467,Data= 202
Address=   97,Data= 204
Address=  429,Data= 206
Address=  149,Data= 208
Address=  813,Data= 210
Address=  842,Data= 212
Address=  758,Data= 214
Address=  125,Data= 216
Address=  467,Data= 218
Address=  874,Data= 220
Address=   88,Data= 222
Address=  637,Data= 224
Address=  597,Data= 226
Address=  626,Data= 228
Address=  552,Data= 230
Address=  327,Data= 232
Address=  418,Data= 234
Address=  263,Data= 236
Address=  951,Data= 238
Address=  172,Data= 240
Address=  514,Data= 242
Address=  909,Data= 244
Address=  392,Data= 246
Address=  678,Data= 248
Address=  485,Data= 250
Address=  421,Data= 252
Address=  187,Data= 254
Address=  121,Data=   0
Address=   53,Data=   2
Address=  169,Data=   4
Address=  568,Data=   6
Address=   31,Data=   8
Address=  872,Data=  10
Address=  254,Data=  12
Address=  377,Data=  14
Address=  382,Data=  16
Address=  522,Data=  18
Address=  416,Data=  20
Address=  641,Data=  22
Address=  658,Data=  24
Address=  760,Data=  26
Address=  684,Data=  28
Address=  487,Data=  30
Address=  797,Data=  32
Address=  770,Data=  34
Address=  343,Data=  36
Address=  378,Data=  38
Address= 1009,Data=  40
Address=  808,Data=  42
Address=  280,Data=  44
Address=  879,Data=  46
Address=  369,Data=  48
Address=  566,Data=  50
Address=  356,Data=  52
Address=  911,Data=  54
Address=   95,Data=  56
Address= 1002,Data=  58
Address=  213,Data=  60
Address=  359,Data=  62
Address=  403,Data=  64
Address=  355,Data=  66
Address=  528,Data=  68
Address=  486,Data=  70
Address=  681,Data=  72
Address=   16,Data=  74
Address=   73,Data=  76
Address=  618,Data=  78
Address=  329,Data=  80
Address=  984,Data=  82
Address=  182,Data=  84
Address=  170,Data=  86
Address=   32,Data=  88
Address=  173,Data=  90
Address=  969,Data=  92
Address=  138,Data=  94
Address=  530,Data=  96
Address=  842,Data=  98
Address=  142,Data= 100
Address=   46,Data= 102
Address=  983,Data= 104
Address=   81,Data= 106
Address=    6,Data= 108
Address=  108,Data= 110
Address=  906,Data= 112
Address=  638,Data= 114
Address=  970,Data= 116
Address=  758,Data= 118
Address=  829,Data= 120
Address=   44,Data= 122
Address=  226,Data= 124
Address=  832,Data= 126
Address=  318,Data= 128
Address=  476,Data= 130
Address=  280,Data= 132
Address=  670,Data= 134
Address=   20,Data= 136
Address=  775,Data= 138
Address=  164,Data= 140
Address=  911,Data= 142
Address=  977,Data= 144
Address=  985,Data= 146
Address=  908,Data= 148
Address=  418,Data= 150
Address=  468,Data= 152
Address=  553,Data= 154
Address=  395,Data= 156
Address=  766,Data= 158
Address=  394,Data= 160
Address=  844,Data= 162
Address=  732,Data= 164
Address=  512,Data= 166
Address=   92,Data= 168
Address=  531,Data= 170
Address=  445,Data= 172
Address=  220,Data= 174
Address=  573,Data= 176
Address=  920,Data= 178
Address=    5,Data= 180
Address=  200,Data= 182
Address=   24,Data= 184
Address=  799,Data= 186
Address=  928,Data= 188
Address=  926,Data= 190
Address=  663,Data= 192
Address=  189,Data= 194
Address=  593,Data= 196
Address=  633,Data= 198
Address=  369,Data= 200
Address=  511,Data= 202
Address=  138,Data= 204
Address=  818,Data= 206
Address=  712,Data= 208
Address=  840,Data= 210
Address=  182,Data= 212
Address=  591,Data= 214
Address=  946,Data= 216
Address=   30,Data= 218
Address=  465,Data= 220
Address=  571,Data= 222
Address=  144,Data= 224
Address=  545,Data= 226
Address=  410,Data= 228
Address=  615,Data= 230
Address=  826,Data= 232
Address=  477,Data= 234
Address=  581,Data= 236
Address=  547,Data= 238
Address=  680,Data= 240
Address=  569,Data= 242
Address=  761,Data= 244
Address=  200,Data= 246
Address=  288,Data= 248
Address=  177,Data= 250
Address= 1021,Data= 252
Address=   21,Data= 254
Address=  912,Data=   0
Address=   26,Data=   2
Address=  738,Data=   4
Address=  327,Data=   6
Address=  549,Data=   8
Address=  804,Data=  10
Address=  651,Data=  12
Address=  212,Data=  14
Address=  949,Data=  16
Address=  854,Data=  18
Address=  609,Data=  20
Address=   81,Data=  22
Address=  279,Data=  24
Address=  694,Data=  26
Address=  404,Data=  28
Address=  367,Data=  30
Address=  257,Data=  32
Address=  984,Data=  34
Address=  701,Data=  36
Address=  143,Data=  38
Address=  133,Data=  40
Address=  918,Data=  42
Address=  955,Data=  44
Address=  733,Data=  46
Address=  961,Data=  48
Address=  783,Data=  50
Address=  797,Data=  52
Address=  882,Data=  54
Address=  991,Data=  56
Address=  582,Data=  58
Address= 1018,Data=  60
Address=  112,Data=  62
Address=  758,Data=  64
Address=  254,Data=  66
Address=  138,Data=  68
Address=  147,Data=  70
Address=  496,Data=  72
Address=  281,Data=  74
Address=  852,Data=  76
Address=  300,Data=  78
Address=  508,Data=  80
Address=  814,Data=  82
Address=   83,Data=  84
Address=  511,Data=  86
Address=  184,Data=  88
Address=  400,Data=  90
Address=  228,Data=  92
Address=    1,Data=  94
Address=  405,Data=  96
Address=  890,Data=  98
Address=  208,Data= 100
Address=  863,Data= 102
Address=  165,Data= 104
Address=  412,Data= 106
Address=  598,Data= 108
Address=  223,Data= 110
Address=   85,Data= 112
Address=  704,Data= 114
Address=  132,Data= 116
Address= 1017,Data= 118
Address=  309,Data= 120
Address=  188,Data= 122
Address=  694,Data= 124
Address=  176,Data= 126
Address=  109,Data= 128
Address=  365,Data= 130
Address=  928,Data= 132
Address=  925,Data= 134
Address=  744,Data= 136
Address=  760,Data= 138
Address=  933,Data= 140
Address=  554,Data= 142
Address=  214,Data= 144
Address= 1009,Data= 146
Address= 1000,Data= 148
Address=  618,Data= 150
Address=  673,Data= 152
Address=  966,Data= 154
Address=  233,Data= 156
Address=  910,Data= 158
Address=  989,Data= 160
Address=  775,Data= 162
Address=  245,Data= 164
Address=  883,Data= 166
Address=  608,Data= 168
Address=  712,Data= 170
Address=  612,Data= 172
Address=  309,Data= 174
Address=  266,Data= 176
Address= 1003,Data= 178
Address=  725,Data= 180
Address=   73,Data= 182
Address=  347,Data= 184
Address=  102,Data= 186
Address=  612,Data= 188
Address=  784,Data= 190
Address=  112,Data= 192
Address=  100,Data= 194
Address=  275,Data= 196
Address=  864,Data= 198
Address=  891,Data= 200
Address=  596,Data= 202
Address=  601,Data= 204
Address=  761,Data= 206
Address=  341,Data= 208
Address=  696,Data= 210
Address=  535,Data= 212
Address=  856,Data= 214
Address=   55,Data= 216
Address=  489,Data= 218
Address=  483,Data= 220
Address= 1005,Data= 222
Address=  575,Data= 224
Address=  885,Data= 226
Address=  744,Data= 228
Address=  289,Data= 230
Address=  206,Data= 232
Address=  104,Data= 234
Address=  586,Data= 236
Address=   35,Data= 238
Address=   93,Data= 240
Address=  804,Data= 242
Address=  340,Data= 244
Address=  772,Data= 246
Address=  993,Data= 248
Address=  788,Data= 250
Address=   80,Data= 252
Address=  514,Data= 254
Address=   82,Data=   0
Address=  471,Data=   2
Address=  619,Data=   4
Address=  140,Data=   6
Address=  113,Data=   8
Address=  312,Data=  10
Address=  610,Data=  12
Address=  502,Data=  14
Address=  611,Data=  16
Address=  663,Data=  18
Address=  363,Data=  20
Address=  328,Data=  22
Address=   56,Data=  24
Address=  514,Data=  26
Address=  810,Data=  28
Address=  301,Data=  30
Address= 1021,Data=  32
Address=  694,Data=  34
Address=  253,Data=  36
Address=  118,Data=  38
Address=  355,Data=  40
Address=  578,Data=  42
Address=  648,Data=  44
Address=  807,Data=  46
Address=  677,Data=  48
Address=  763,Data=  50
Address=  728,Data=  52
Address=  904,Data=  54
Address=  433,Data=  56
Address=    8,Data=  58
Address=  223,Data=  60
Address=   49,Data=  62
Address=  576,Data=  64
Address=  176,Data=  66
Address=  455,Data=  68
Address=  908,Data=  70
Address=  744,Data=  72
Address=  552,Data=  74
Address=  202,Data=  76
Address=  189,Data=  78
Address=  704,Data=  80
Address=  663,Data=  82
Address=  523,Data=  84
Address=  371,Data=  86
Address=  695,Data=  88
Address=  402,Data=  90
Address=  815,Data=  92
Address=  404,Data=  94
Address=  300,Data=  96
Address=  945,Data=  98
Address=  541,Data= 100
Address=  824,Data= 102
Address= 1002,Data= 104
Address=  149,Data= 106
Address=  436,Data= 108
Address=  756,Data= 110
Address=  526,Data= 112
Address= 1012,Data= 114
Address=  978,Data= 116
Address=  486,Data= 118
Address=  266,Data= 120
Address=  513,Data= 122
Address=  397,Data= 124
Address=  128,Data= 126
Address=  829,Data= 128
Address=  213,Data= 130
Address=  477,Data= 132
Address=  640,Data= 134
Address=  599,Data= 136
Address=   29,Data= 138
Address=  180,Data= 140
Address=  539,Data= 142
Address=  775,Data= 144
Address=  954,Data= 146
Address=  435,Data= 148
Address=  968,Data= 150
Address=  289,Data= 152
Address=  913,Data= 154
Address=  890,Data= 156
Address=  417,Data= 158
Address=  190,Data= 160
Address=  583,Data= 162
Address=  462,Data= 164
Address=  740,Data= 166
Address=  132,Data= 168
Address=  538,Data= 170
Address=  123,Data= 172
Address=  375,Data= 174
Address=  672,Data= 176
Address=  655,Data= 178
Address=   77,Data= 180
Address=  235,Data= 182
Address=  902,Data= 184
Address=  307,Data= 186
Address=  237,Data= 188
Address=  520,Data= 190
Address=  805,Data= 192
Address=  289,Data= 194
Address= 1022,Data= 196
Address=  322,Data= 198
Address=  140,Data= 200
Address=  652,Data= 202
Address=  346,Data= 204
Address=  539,Data= 206
Address=  938,Data= 208
Address=  761,Data= 210
Address=  953,Data= 212
Address=  237,Data= 214
Address=   59,Data= 216
Address=  112,Data= 218
Address=  683,Data= 220
Address=  521,Data= 222
Address=  121,Data= 224
Address=  846,Data= 226
Address=  552,Data= 228
Address=  177,Data= 230
Address=  430,Data= 232
Address=  510,Data= 234
Address=  419,Data= 236
Address=  468,Data= 238
Address=   54,Data= 240
Address=  320,Data= 242
Address= 1001,Data= 244
Address=  537,Data= 246
Address=   21,Data= 248
Address=  842,Data= 250
Address=  173,Data= 252
Address=  541,Data= 254
Address=  684,Data=   0
Address=  360,Data=   2
Address=   16,Data=   4
Address=  356,Data=   6
Address=  943,Data=   8
Address=  351,Data=  10
Address=   13,Data=  12
Address= 1021,Data=  14
Address=  242,Data=  16
Address=  328,Data=  18
Address=  778,Data=  20
Address=   67,Data=  22
Address=  545,Data=  24
Address=  537,Data=  26
Address=  634,Data=  28
Address=  956,Data=  30
Address=  765,Data=  32
Address=  664,Data=  34
Address=  993,Data=  36
Address=  394,Data=  38
Address=  569,Data=  40
Address= 1000,Data=  42
Address=   12,Data=  44
Address=  616,Data=  46
Address=  136,Data=  48
Address=  118,Data=  50
Address=  480,Data=  52
Address=  941,Data=  54
Address=  256,Data=  56
Address=  365,Data=  58
Address=  911,Data=  60
Address=   72,Data=  62
Address=  348,Data=  64
Address=  118,Data=  66
Address=  658,Data=  68
Address=  558,Data=  70
Address=  573,Data=  72
Address=  761,Data=  74
Address=   57,Data=  76
Address=   56,Data=  78
Address=  257,Data=  80
Address=  399,Data=  82
Address=   43,Data=  84
Address=  994,Data=  86
Address=   73,Data=  88
Address=  493,Data=  90
Address=  440,Data=  92
Address=  480,Data=  94
Address=  963,Data=  96
Address=  747,Data=  98
Address=   67,Data= 100
Address=  534,Data= 102
Address=  336,Data= 104
Address=  504,Data= 106
Address=  171,Data= 108
Address=  711,Data= 110
Address=  290,Data= 112
Address=  151,Data= 114
Address=  770,Data= 116
Address=  153,Data= 118
Address= 1000,Data= 120
Address=  568,Data= 122
Address=  881,Data= 124
Address=   76,Data= 126
Address=  411,Data= 128
Address=   15,Data= 130
Address=  156,Data= 132
Address=  675,Data= 134
Address=  270,Data= 136
Address=   52,Data= 138
Address=  862,Data= 140
Address=  126,Data= 142
Address=  464,Data= 144
Address=  177,Data= 146
Address=  825,Data= 148
Address=  663,Data= 150
Address=  383,Data= 152
Address=  196,Data= 154
Address=   76,Data= 156
Address=  467,Data= 158
Address=  793,Data= 160
Address=  521,Data= 162
Address=  817,Data= 164
Address=  178,Data= 166
Address=  118,Data= 168
Address=  196,Data= 170
Address=  654,Data= 172
Address=  446,Data= 174
Address=  875,Data= 176
Address=    0,Data= 178
Address=  953,Data= 180
Address=  138,Data= 182
Address=  453,Data= 184
Address=  447,Data= 186
Address=  839,Data= 188
Address=   36,Data= 190
Address=  163,Data= 192
Address=  239,Data= 194
Address=  477,Data= 196
Address=  379,Data= 198
Address=  848,Data= 200
Address=  613,Data= 202
Address=  792,Data= 204
Address=  951,Data= 206
Address=  818,Data= 208
Address=  392,Data= 210
Address=  489,Data= 212
Address=  492,Data= 214
Address=  999,Data= 216
Address=  751,Data= 218
Address=  310,Data= 220
Address=  812,Data= 222
Address=   40,Data= 224
Address=  168,Data= 226
Address=  295,Data= 228
Address=  371,Data= 230
Address=  902,Data= 232
Address=  860,Data= 234
Address=  732,Data= 236
Address=  337,Data= 238
Address=  672,Data= 240
Address=  265,Data= 242
Address=    6,Data= 244
Address=  994,Data= 246
Address=  232,Data= 248
Address=  912,Data= 250
Address=  797,Data= 252
Address=  513,Data= 254
Address=  648,Data=   0
Address=  714,Data=   2
Address=  668,Data=   4
Address=  297,Data=   6
Address=  650,Data=   8
Address=  341,Data=  10
Address=  793,Data=  12
Address=  515,Data=  14
Address=  719,Data=  16
Address=  229,Data=  18
Address=  905,Data=  20
Address=   30,Data=  22
Address=  255,Data=  24
Address=   55,Data=  26
Address=  144,Data=  28
Address=  953,Data=  30
Address=  239,Data=  32
Address=  121,Data=  34
Address=  823,Data=  36
Address=  551,Data=  38
Address=  178,Data=  40
Address=  325,Data=  42
Address=  722,Data=  44
Address=  188,Data=  46
Address=  983,Data=  48
Address=  509,Data=  50
Address=  898,Data=  52
Address=  445,Data=  54
Address=  762,Data=  56
Address=  176,Data=  58
Address=  535,Data=  60
Address=  591,Data=  62
Address=  566,Data=  64
Address=  587,Data=  66
Address=  441,Data=  68
Address=  981,Data=  70
Address=  154,Data=  72
Address=  840,Data=  74
Address=  811,Data=  76
Address=  187,Data=  78
Address=  554,Data=  80
Address=  402,Data=  82
Address=  765,Data=  84
Address=  551,Data=  86
Address=  923,Data=  88
Address=  990,Data=  90
Address=  393,Data=  92
Address=  897,Data=  94
Address=   70,Data=  96
Address=   36,Data=  98
Address=  781,Data= 100
Address=  596,Data= 102
Address=  132,Data= 104
Address=  640,Data= 106
Address=  968,Data= 108
Address=  628,Data= 110
Address=  509,Data= 112
Address=  292,Data= 114
Address=  351,Data= 116
Address=  495,Data= 118
Address=  251,Data= 120
Address=  924,Data= 122
Address=  625,Data= 124
Address=  432,Data= 126
Address=  881,Data= 128
Address=  791,Data= 130
Address=  681,Data= 132
Address=  353,Data= 134
Address=  952,Data= 136
Address=  249,Data= 138
Address=  816,Data= 140
Address=  111,Data= 142
Address=  157,Data= 144
Address=   82,Data= 146
Address=  196,Data= 148
Address=  948,Data= 150
Address=  999,Data= 152
Address=  156,Data= 154
Address=  617,Data= 156
Address=  194,Data= 158
Address=  988,Data= 160
Address=  329,Data= 162
Address=  236,Data= 164
Address=  310,Data= 166
Address=  993,Data= 168
Address=  387,Data= 170
Address=  810,Data= 172
Address=  550,Data= 174
Address=  472,Data= 176
Address=  188,Data= 178
Address=  613,Data= 180
Address=  770,Data= 182
Address=  836,Data= 184
Address=   72,Data= 186
Address=  383,Data= 188
Address=  254,Data= 190
Address=  213,Data= 192
Address=  970,Data= 194
Address=  381,Data= 196
Address=  359,Data= 198
Address=  626,Data= 200
Address=  922,Data= 202
Address=  801,Data= 204
Address=  232,Data= 206
Address=  344,Data= 208
Address=  479,Data= 210
Address=  754,Data= 212
Address=  303,Data= 214
Address=  361,Data= 216
Address=  673,Data= 218
Address=  656,Data= 220
Address=  498,Data= 222
Address=  569,Data= 224
Address=  127,Data= 226
Address=  943,Data= 228
Address=  452,Data= 230
Address=    2,Data= 232
Address=  829,Data= 234
Address=  128,Data= 236
Address=  182,Data= 238
Address=    6,Data= 240
Address=  249,Data= 242
Address=  246,Data= 244
Address=  571,Data= 246
Address=  902,Data= 248
Address=  545,Data= 250
Address=  430,Data= 252
Address=  844,Data= 254
ncsim: *W,RNQUIE: Simulation is complete.
ncsim> exit
TOOL:	irun(64)	15.20-s051: Exiting on Jan 25, 2023 at 12:15:23 IST  (total: 00:00:00)
